Using pre-set license
Built from '2020.3/staging' branch; Version is '2020.3.16f1 (049d6eca3c44) revision 302446'; Using compiler version '192528614'; Build Type 'Release'
OS: 'Windows 10 Home Single Language; OS build 22000.556; Version 2009; 64bit' Language: 'en' Physical Memory: 15776 MB
BatchMode: 1, IsHumanControllingUs: 0, StartBugReporterOnCrash: 0, Is64bit: 1, IsPro: 0

 COMMAND LINE ARGUMENTS:
C:\Program Files\Unity\Hub\Editor\2020.3.16f1\Editor\Unity.exe
-adb2
-batchMode
-noUpm
-name
AssetImportWorker0
-projectPath
C:/Users/ruchi/Documents/UProjects/Ball Jumping/Project/Current/Ball Jump
-logFile
Logs/AssetImportWorker0.log
-srvPort
56492
Successfully changed project path to: C:/Users/ruchi/Documents/UProjects/Ball Jumping/Project/Current/Ball Jump
C:/Users/ruchi/Documents/UProjects/Ball Jumping/Project/Current/Ball Jump
Using Asset Import Pipeline V2.
Refreshing native plugins compatible for Editor in 49.27 ms, found 2 plugins.
Preloading 0 native plugins for Editor in 0.00 ms.
Initialize engine version: 2020.3.16f1 (049d6eca3c44)
[Subsystems] Discovering subsystems at path C:/Program Files/Unity/Hub/Editor/2020.3.16f1/Editor/Data/Resources/UnitySubsystems
[Subsystems] Discovering subsystems at path C:/Users/ruchi/Documents/UProjects/Ball Jumping/Project/Current/Ball Jump/Assets
GfxDevice: creating device client; threaded=0
Direct3D:
    Version:  Direct3D 11.0 [level 11.1]
    Renderer: NVIDIA GeForce RTX 3050 Laptop GPU (ID=0x25a5)
    Vendor:   
    VRAM:     3991 MB
    Driver:   30.0.15.1179
Initialize mono
Mono path[0] = 'C:/Program Files/Unity/Hub/Editor/2020.3.16f1/Editor/Data/Managed'
Mono path[1] = 'C:/Program Files/Unity/Hub/Editor/2020.3.16f1/Editor/Data/MonoBleedingEdge/lib/mono/unityjit'
Mono config path = 'C:/Program Files/Unity/Hub/Editor/2020.3.16f1/Editor/Data/MonoBleedingEdge/etc'
Using monoOptions --debugger-agent=transport=dt_socket,embedding=1,server=y,suspend=n,address=127.0.0.1:56340
Begin MonoManager ReloadAssembly
Registering precompiled unity dll's ...
Register platform support module: C:/Program Files/Unity/Hub/Editor/2020.3.16f1/Editor/Data/PlaybackEngines/WindowsStandaloneSupport/UnityEditor.WindowsStandalone.Extensions.dll
Registered in 0.001765 seconds.
Native extension for WindowsStandalone target not found
Refreshing native plugins compatible for Editor in 31.25 ms, found 2 plugins.
Preloading 0 native plugins for Editor in 0.00 ms.
Mono: successfully reloaded assembly
- Completed reload, in  2.114 seconds
Domain Reload Profiling:
	ReloadAssembly (2115ms)
		BeginReloadAssembly (56ms)
			ExecutionOrderSort (0ms)
			DisableScriptedObjects (0ms)
			BackupInstance (0ms)
			ReleaseScriptingObjects (0ms)
			CreateAndSetChildDomain (1ms)
		EndReloadAssembly (298ms)
			LoadAssemblies (52ms)
			RebuildTransferFunctionScriptingTraits (0ms)
			SetupTypeCache (96ms)
			ReleaseScriptCaches (0ms)
			RebuildScriptCaches (20ms)
			SetupLoadedEditorAssemblies (126ms)
				LogAssemblyErrors (0ms)
				InitializePlatformSupportModulesInManaged (4ms)
				SetLoadedEditorAssemblies (0ms)
				RefreshPlugins (31ms)
				BeforeProcessingInitializeOnLoad (12ms)
				ProcessInitializeOnLoadAttributes (58ms)
				ProcessInitializeOnLoadMethodAttributes (21ms)
				AfterProcessingInitializeOnLoad (0ms)
				EditorAssembliesLoaded (0ms)
			ExecutionOrderSort2 (0ms)
			AwakeInstancesAfterBackupRestoration (0ms)
Platform modules already initialized, skipping
Registering precompiled user dll's ...
Registered in 0.004745 seconds.
Begin MonoManager ReloadAssembly
OnLevelWasLoaded was found on Fading
This message has been deprecated and will be removed in a later version of Unity.
Add a delegate to SceneManager.sceneLoaded instead to get notifications after scene loading has completed

Native extension for WindowsStandalone target not found
Refreshing native plugins compatible for Editor in 0.45 ms, found 2 plugins.
Preloading 0 native plugins for Editor in 0.00 ms.
Mono: successfully reloaded assembly
- Completed reload, in  0.745 seconds
Domain Reload Profiling:
	ReloadAssembly (746ms)
		BeginReloadAssembly (101ms)
			ExecutionOrderSort (0ms)
			DisableScriptedObjects (3ms)
			BackupInstance (0ms)
			ReleaseScriptingObjects (0ms)
			CreateAndSetChildDomain (16ms)
		EndReloadAssembly (600ms)
			LoadAssemblies (64ms)
			RebuildTransferFunctionScriptingTraits (0ms)
			SetupTypeCache (172ms)
			ReleaseScriptCaches (0ms)
			RebuildScriptCaches (30ms)
			SetupLoadedEditorAssemblies (275ms)
				LogAssemblyErrors (0ms)
				InitializePlatformSupportModulesInManaged (4ms)
				SetLoadedEditorAssemblies (0ms)
				RefreshPlugins (0ms)
				BeforeProcessingInitializeOnLoad (59ms)
				ProcessInitializeOnLoadAttributes (202ms)
				ProcessInitializeOnLoadMethodAttributes (3ms)
				AfterProcessingInitializeOnLoad (6ms)
				EditorAssembliesLoaded (0ms)
			ExecutionOrderSort2 (0ms)
			AwakeInstancesAfterBackupRestoration (5ms)
Platform modules already initialized, skipping
========================================================================
Worker process is ready to serve import requests
Launched and connected shader compiler UnityShaderCompiler.exe after 0.03 seconds
Refreshing native plugins compatible for Editor in 0.43 ms, found 2 plugins.
Preloading 0 native plugins for Editor in 0.00 ms.
Unloading 1564 Unused Serialized files (Serialized files now loaded: 0)
System memory in use before: 70.6 MB.
System memory in use after: 70.7 MB.

Unloading 33 unused Assets to reduce memory usage. Loaded Objects now: 1985.
Total: 2.547700 ms (FindLiveObjects: 0.139400 ms CreateObjectMapping: 0.034300 ms MarkObjects: 2.309400 ms  DeleteObjects: 0.063800 ms)

AssetImportParameters requested are different than current active one (requested -> active):
  custom:framework-win-MediaFoundation: 216162199b28c13a410421893ffa2e32 -> 
  custom:video-decoder-ogg-theora: a1e56fd34408186e4bbccfd4996cb3dc -> 
  custom:container-muxer-webm: aa71ff27fc2769a1b78a27578f13a17b -> 
  custom:container-demuxer-webm: 4f35f7cbe854078d1ac9338744f61a02 -> 
  custom:container-demuxer-ogg: 62fdf1f143b41e24485cea50d1cbac27 -> 
  custom:video-encoder-webm-vp8: eb34c28f22e8b96e1ab97ce403110664 -> 
  custom:video-codec-MediaFoundation-h265: 746d11721c4dcdbdad8f713fa42b33f4 -> 
  custom:video-decoder-webm-vp8: 9c59270c3fd7afecdb556c50c9e8de78 -> 
  custom:audio-decoder-ogg-vorbis: bf7c407c2cedff20999df2af8eb42d56 -> 
  custom:audio-encoder-webm-vorbis: bf7c407c2cedff20999df2af8eb42d56 -> 
========================================================================
Received Import Request.
  path: Assets/Standard Assets/CrossPlatformInput/Sprites/ButtonBrakeUpSprite.png
  artifactKey: Guid(827c9cd4a3943534f909ac6473e17288) Importer(815301076,1909f56bfc062723c751e8b465ee728b)
Start importing Assets/Standard Assets/CrossPlatformInput/Sprites/ButtonBrakeUpSprite.png using Guid(827c9cd4a3943534f909ac6473e17288) Importer(815301076,1909f56bfc062723c751e8b465ee728b)  -> (artifact id: '3cb352c2dd1be93e25697ec01377b083') in 0.069667 seconds 
  Import took 0.071760 seconds .

========================================================================
Received Import Request.
  Time since last request: 0.000243 seconds.
  path: Assets/GUI/jump.png
  artifactKey: Guid(5810641b665d3a14a865507f43fd10ed) Importer(815301076,1909f56bfc062723c751e8b465ee728b)
Start importing Assets/GUI/jump.png using Guid(5810641b665d3a14a865507f43fd10ed) Importer(815301076,1909f56bfc062723c751e8b465ee728b)  -> (artifact id: '6b357ba0fb728f06f94ec02f072d6dcd') in 0.011060 seconds 
  Import took 0.013024 seconds .

========================================================================
Received Import Request.
  Time since last request: 0.000171 seconds.
  path: Assets/GUI/Restart.png
  artifactKey: Guid(341792158192a2742ad03b5ce8d2ac71) Importer(815301076,1909f56bfc062723c751e8b465ee728b)
Start importing Assets/GUI/Restart.png using Guid(341792158192a2742ad03b5ce8d2ac71) Importer(815301076,1909f56bfc062723c751e8b465ee728b)  -> (artifact id: '52dd3f3919af18a71fe215773a17b097') in 0.007259 seconds 
  Import took 0.008756 seconds .

========================================================================
Received Import Request.
  Time since last request: 0.000213 seconds.
  path: Assets/Standard Assets/CNControls/Examples/Scenes/2D/Character Graphics/alienGreen_stand.png
  artifactKey: Guid(67eb7e5c33fae9e458ac43dc2fcaedaa) Importer(815301076,1909f56bfc062723c751e8b465ee728b)
Start importing Assets/Standard Assets/CNControls/Examples/Scenes/2D/Character Graphics/alienGreen_stand.png using Guid(67eb7e5c33fae9e458ac43dc2fcaedaa) Importer(815301076,1909f56bfc062723c751e8b465ee728b)  -> (artifact id: '2b2dca5e62c17e5763f9a39edab2abe0') in 0.012162 seconds 
  Import took 0.014382 seconds .

========================================================================
Received Import Request.
  Time since last request: 0.000165 seconds.
  path: Assets/Standard Assets/Fonts/OpenSans/OpenSansRegular.ttf
  artifactKey: Guid(b51a3e520f9164da198dc59c8acfccd6) Importer(815301076,1909f56bfc062723c751e8b465ee728b)
Start importing Assets/Standard Assets/Fonts/OpenSans/OpenSansRegular.ttf using Guid(b51a3e520f9164da198dc59c8acfccd6) Importer(815301076,1909f56bfc062723c751e8b465ee728b)  -> (artifact id: '7829b498e8cf962b9a8ba91825db9232') in 0.052533 seconds 
  Import took 0.054426 seconds .

========================================================================
Received Import Request.
  Time since last request: 0.000222 seconds.
  path: Assets/Standard Assets/CrossPlatformInput/Sprites/ButtonThumbstickOverSprite.png
  artifactKey: Guid(5485e2f56028a3c4cb54f5caa167377e) Importer(815301076,1909f56bfc062723c751e8b465ee728b)
Start importing Assets/Standard Assets/CrossPlatformInput/Sprites/ButtonThumbstickOverSprite.png using Guid(5485e2f56028a3c4cb54f5caa167377e) Importer(815301076,1909f56bfc062723c751e8b465ee728b)  -> (artifact id: '2b29cab01a64f3f765e9f9d0271d33cb') in 0.013051 seconds 
  Import took 0.015051 seconds .

========================================================================
Received Import Request.
  Time since last request: 0.000198 seconds.
  path: Assets/Standard Assets/Fonts/OpenSans/OpenSansSemibold.ttf
  artifactKey: Guid(01cd679a1b9ee48bf9c546f6ce2cb97e) Importer(815301076,1909f56bfc062723c751e8b465ee728b)
Start importing Assets/Standard Assets/Fonts/OpenSans/OpenSansSemibold.ttf using Guid(01cd679a1b9ee48bf9c546f6ce2cb97e) Importer(815301076,1909f56bfc062723c751e8b465ee728b)  -> (artifact id: 'de2c42dd9d807d72967c184b56402c40') in 0.011514 seconds 
  Import took 0.013375 seconds .

========================================================================
Received Import Request.
  Time since last request: 0.000224 seconds.
  path: Assets/Standard Assets/CNControls/Examples/Scenes/2D/Ground/grassHalf_right.png
  artifactKey: Guid(3950b0d7c2916084f8be9d9b9593ee5a) Importer(815301076,1909f56bfc062723c751e8b465ee728b)
Start importing Assets/Standard Assets/CNControls/Examples/Scenes/2D/Ground/grassHalf_right.png using Guid(3950b0d7c2916084f8be9d9b9593ee5a) Importer(815301076,1909f56bfc062723c751e8b465ee728b)  -> (artifact id: '61d2a571ba8b45385b5d75ad0621ff89') in 0.011184 seconds 
  Import took 0.012940 seconds .

========================================================================
Received Import Request.
  Time since last request: 0.000166 seconds.
  path: Assets/GUI/SimpleCumulus_Gradient_10/Textures/Left.2048x2048.png
  artifactKey: Guid(0846b970f848c0749a616abceeae6091) Importer(815301076,1909f56bfc062723c751e8b465ee728b)
Start importing Assets/GUI/SimpleCumulus_Gradient_10/Textures/Left.2048x2048.png using Guid(0846b970f848c0749a616abceeae6091) Importer(815301076,1909f56bfc062723c751e8b465ee728b)  -> (artifact id: '2ffa162813b11e56820347489798f165') in 0.012828 seconds 
  Import took 0.014905 seconds .

========================================================================
Received Import Request.
  Time since last request: 0.000167 seconds.
  path: Assets/Standard Assets/CrossPlatformInput/Sprites/ButtonTimescaleFullUpSprite.png
  artifactKey: Guid(0c6271a290ef75b4c97d58746c86c5b8) Importer(815301076,1909f56bfc062723c751e8b465ee728b)
Start importing Assets/Standard Assets/CrossPlatformInput/Sprites/ButtonTimescaleFullUpSprite.png using Guid(0c6271a290ef75b4c97d58746c86c5b8) Importer(815301076,1909f56bfc062723c751e8b465ee728b)  -> (artifact id: 'a65a537463a19f0096524f131dfd3871') in 0.013621 seconds 
  Import took 0.015312 seconds .

========================================================================
Received Import Request.
  Time since last request: 0.000214 seconds.
  path: Assets/GUI/playbtn.png
  artifactKey: Guid(cdf6983739523404e8816f02ce173c7e) Importer(815301076,1909f56bfc062723c751e8b465ee728b)
Start importing Assets/GUI/playbtn.png using Guid(cdf6983739523404e8816f02ce173c7e) Importer(815301076,1909f56bfc062723c751e8b465ee728b)  -> (artifact id: 'de72f6322be18286bcfa5b87d2b2de34') in 0.006259 seconds 
  Import took 0.007764 seconds .

========================================================================
Received Import Request.
  Time since last request: 0.000149 seconds.
  path: Assets/Standard Assets/CNControls/Graphics/flatLight46.png
  artifactKey: Guid(22802cebf78d3434b9d715f82bbe80c7) Importer(815301076,1909f56bfc062723c751e8b465ee728b)
Start importing Assets/Standard Assets/CNControls/Graphics/flatLight46.png using Guid(22802cebf78d3434b9d715f82bbe80c7) Importer(815301076,1909f56bfc062723c751e8b465ee728b)  -> (artifact id: '091c6342c337c503f92944b6e0d1a61d') in 0.010951 seconds 
  Import took 0.012621 seconds .

========================================================================
Received Import Request.
  Time since last request: 0.000214 seconds.
  path: Assets/GUI/SimpleCumulus_Gradient_10/Textures/Front.2048x2048.png
  artifactKey: Guid(9073b2624722c5d499f97f108ab7f9aa) Importer(815301076,1909f56bfc062723c751e8b465ee728b)
Start importing Assets/GUI/SimpleCumulus_Gradient_10/Textures/Front.2048x2048.png using Guid(9073b2624722c5d499f97f108ab7f9aa) Importer(815301076,1909f56bfc062723c751e8b465ee728b)  -> (artifact id: '9f9b12f85de02d9ff250672dd6a2b7a7') in 0.008775 seconds 
  Import took 0.010501 seconds .

========================================================================
Received Import Request.
  Time since last request: 0.000196 seconds.
  path: Assets/Standard Assets/CNControls/Examples/Scenes/2D/Character Graphics/alienGreen_walk1.png
  artifactKey: Guid(9d04b178abd2fdf4fbda646f08daad4a) Importer(815301076,1909f56bfc062723c751e8b465ee728b)
Start importing Assets/Standard Assets/CNControls/Examples/Scenes/2D/Character Graphics/alienGreen_walk1.png using Guid(9d04b178abd2fdf4fbda646f08daad4a) Importer(815301076,1909f56bfc062723c751e8b465ee728b)  -> (artifact id: 'e44d015ef8fb2db40198e60ef88ceab2') in 0.011483 seconds 
  Import took 0.013411 seconds .

========================================================================
Received Import Request.
  Time since last request: 0.000204 seconds.
  path: Assets/GUI/SimpleCumulus_Gradient_10/Textures/Down.2048x2048.png
  artifactKey: Guid(835f02f0b8fb631439048adbc1b4e752) Importer(815301076,1909f56bfc062723c751e8b465ee728b)
Start importing Assets/GUI/SimpleCumulus_Gradient_10/Textures/Down.2048x2048.png using Guid(835f02f0b8fb631439048adbc1b4e752) Importer(815301076,1909f56bfc062723c751e8b465ee728b)  -> (artifact id: 'ff97036f5e7b0944a1679e2e4fae324b') in 0.008562 seconds 
  Import took 0.010181 seconds .

========================================================================
Received Import Request.
  Time since last request: 0.000198 seconds.
  path: Assets/Standard Assets/CNControls/Examples/Scenes/2D/Ground/boxCrate_double.png
  artifactKey: Guid(ee8739f042e99cf4598897d7c9f2ac78) Importer(815301076,1909f56bfc062723c751e8b465ee728b)
Start importing Assets/Standard Assets/CNControls/Examples/Scenes/2D/Ground/boxCrate_double.png using Guid(ee8739f042e99cf4598897d7c9f2ac78) Importer(815301076,1909f56bfc062723c751e8b465ee728b)  -> (artifact id: '6cb31fd2b3b4f5e9be95284c16564959') in 0.011528 seconds 
  Import took 0.013236 seconds .

========================================================================
Received Import Request.
  Time since last request: 0.000217 seconds.
  path: Assets/Standard Assets/CNControls/Examples/Scenes/2D/Ground/grassHalf_left.png
  artifactKey: Guid(f53852f4446afe347b4c9ea54202a3d6) Importer(815301076,1909f56bfc062723c751e8b465ee728b)
Start importing Assets/Standard Assets/CNControls/Examples/Scenes/2D/Ground/grassHalf_left.png using Guid(f53852f4446afe347b4c9ea54202a3d6) Importer(815301076,1909f56bfc062723c751e8b465ee728b)  -> (artifact id: '6d258a68713c6259ec9daa1164f83607') in 0.011550 seconds 
  Import took 0.013325 seconds .

========================================================================
Received Import Request.
  Time since last request: 0.000169 seconds.
  path: Assets/Standard Assets/CrossPlatformInput/Sprites/ButtonBrakeOverSprite.png
  artifactKey: Guid(5b1a64ea234fb2343b8d0686c51280de) Importer(815301076,1909f56bfc062723c751e8b465ee728b)
Start importing Assets/Standard Assets/CrossPlatformInput/Sprites/ButtonBrakeOverSprite.png using Guid(5b1a64ea234fb2343b8d0686c51280de) Importer(815301076,1909f56bfc062723c751e8b465ee728b)  -> (artifact id: 'c471e16fa224c46f29ac2e080b13aaee') in 0.011955 seconds 
  Import took 0.013989 seconds .

========================================================================
Received Import Request.
  Time since last request: 0.000205 seconds.
  path: Assets/Standard Assets/CrossPlatformInput/Sprites/ButtonSpacebarSprite.png
  artifactKey: Guid(3d8675433a508ec47b8f895201eacf20) Importer(815301076,1909f56bfc062723c751e8b465ee728b)
Start importing Assets/Standard Assets/CrossPlatformInput/Sprites/ButtonSpacebarSprite.png using Guid(3d8675433a508ec47b8f895201eacf20) Importer(815301076,1909f56bfc062723c751e8b465ee728b)  -> (artifact id: 'c75916a80d1910e49e3f551bd71390c5') in 0.016332 seconds 
  Import took 0.018311 seconds .

========================================================================
Received Import Request.
  Time since last request: 0.000179 seconds.
  path: Assets/Standard Assets/Fonts/OpenSans/OpenSansLight.ttf
  artifactKey: Guid(04a842e316b6f44bf8da702de26a8ed6) Importer(815301076,1909f56bfc062723c751e8b465ee728b)
Start importing Assets/Standard Assets/Fonts/OpenSans/OpenSansLight.ttf using Guid(04a842e316b6f44bf8da702de26a8ed6) Importer(815301076,1909f56bfc062723c751e8b465ee728b)  -> (artifact id: '63785a7e8ea01febe2840aaef0c9abcc') in 0.012624 seconds 
  Import took 0.014565 seconds .

========================================================================
Received Import Request.
  Time since last request: 0.000191 seconds.
  path: Assets/GUI/SimpleCumulus_Gradient_10/Textures/Right.2048x2048.png
  artifactKey: Guid(91f32aa6950216a42b3f2af3d4fc2a8a) Importer(815301076,1909f56bfc062723c751e8b465ee728b)
Start importing Assets/GUI/SimpleCumulus_Gradient_10/Textures/Right.2048x2048.png using Guid(91f32aa6950216a42b3f2af3d4fc2a8a) Importer(815301076,1909f56bfc062723c751e8b465ee728b)  -> (artifact id: '1bafbffaec499c37ddb030ee405ce21f') in 0.008050 seconds 
  Import took 0.009750 seconds .

========================================================================
Received Import Request.
  Time since last request: 0.000207 seconds.
  path: Assets/Standard Assets/CrossPlatformInput/Sprites/ButtonArrowUpSprite.png
  artifactKey: Guid(4db017495c69e8140a56a0e2b669e3f8) Importer(815301076,1909f56bfc062723c751e8b465ee728b)
Start importing Assets/Standard Assets/CrossPlatformInput/Sprites/ButtonArrowUpSprite.png using Guid(4db017495c69e8140a56a0e2b669e3f8) Importer(815301076,1909f56bfc062723c751e8b465ee728b)  -> (artifact id: 'b62dc71f5ba0d41bf987393af378f864') in 0.012673 seconds 
  Import took 0.014379 seconds .

========================================================================
Received Import Request.
  Time since last request: 0.000163 seconds.
  path: Assets/Standard Assets/CrossPlatformInput/Sprites/ButtonAcceleratorOverSprite.png
  artifactKey: Guid(eb5f6e2757c821940b69cf1456f7865a) Importer(815301076,1909f56bfc062723c751e8b465ee728b)
Start importing Assets/Standard Assets/CrossPlatformInput/Sprites/ButtonAcceleratorOverSprite.png using Guid(eb5f6e2757c821940b69cf1456f7865a) Importer(815301076,1909f56bfc062723c751e8b465ee728b)  -> (artifact id: '30eb3340ae15bb7d77c286fdb969a1be') in 0.010708 seconds 
  Import took 0.012364 seconds .

========================================================================
Received Import Request.
  Time since last request: 0.000575 seconds.
  path: Assets/Standard Assets/CNControls/Graphics/flatLight22.png
  artifactKey: Guid(2cd0473fd8ba8a9478a6ea98025a16f0) Importer(815301076,1909f56bfc062723c751e8b465ee728b)
Start importing Assets/Standard Assets/CNControls/Graphics/flatLight22.png using Guid(2cd0473fd8ba8a9478a6ea98025a16f0) Importer(815301076,1909f56bfc062723c751e8b465ee728b)  -> (artifact id: 'a7d5569026742ab662ad180ad735de6b') in 0.009152 seconds 
  Import took 0.011056 seconds .

========================================================================
Received Import Request.
  Time since last request: 0.000165 seconds.
  path: Assets/Standard Assets/CNControls/Graphics/flatDark00.png
  artifactKey: Guid(4bc4df1939d750840a6c849a32296205) Importer(815301076,1909f56bfc062723c751e8b465ee728b)
Start importing Assets/Standard Assets/CNControls/Graphics/flatDark00.png using Guid(4bc4df1939d750840a6c849a32296205) Importer(815301076,1909f56bfc062723c751e8b465ee728b)  -> (artifact id: 'fac499e08beafbb6d8f70187d8074b68') in 0.009055 seconds 
  Import took 0.010660 seconds .

========================================================================
Received Import Request.
  Time since last request: 0.000160 seconds.
  path: Assets/GUI/sphereColor.jpg
  artifactKey: Guid(5282eeca8fd37d440b072cafb5edacf4) Importer(815301076,1909f56bfc062723c751e8b465ee728b)
Start importing Assets/GUI/sphereColor.jpg using Guid(5282eeca8fd37d440b072cafb5edacf4) Importer(815301076,1909f56bfc062723c751e8b465ee728b)  -> (artifact id: '8520dae0761d65f77b4cd176e6f8f559') in 0.035862 seconds 
  Import took 0.037696 seconds .

========================================================================
Received Import Request.
  Time since last request: 0.000163 seconds.
  path: Assets/Standard Assets/CrossPlatformInput/Sprites/TouchpadSprite.png
  artifactKey: Guid(e4f1fee3de32377429fd1348fae62b10) Importer(815301076,1909f56bfc062723c751e8b465ee728b)
Start importing Assets/Standard Assets/CrossPlatformInput/Sprites/TouchpadSprite.png using Guid(e4f1fee3de32377429fd1348fae62b10) Importer(815301076,1909f56bfc062723c751e8b465ee728b)  -> (artifact id: 'd5dc0b380a187d04454b3198f3ecd4b5') in 0.014165 seconds 
  Import took 0.015999 seconds .

========================================================================
Received Import Request.
  Time since last request: 0.000218 seconds.
  path: Assets/GUI/Background.png
  artifactKey: Guid(063fb6ddc8c59d245a03c8f2d542ebda) Importer(815301076,1909f56bfc062723c751e8b465ee728b)
Start importing Assets/GUI/Background.png using Guid(063fb6ddc8c59d245a03c8f2d542ebda) Importer(815301076,1909f56bfc062723c751e8b465ee728b)  -> (artifact id: 'f5ed2c97d125c0414ba4d2062a5aa027') in 0.007396 seconds 
  Import took 0.009272 seconds .

========================================================================
Received Import Request.
  Time since last request: 0.000162 seconds.
  path: Assets/Standard Assets/CNControls/Graphics/flatDark06.png
  artifactKey: Guid(b29ef1894836dc440b43ab036ca764cb) Importer(815301076,1909f56bfc062723c751e8b465ee728b)
Start importing Assets/Standard Assets/CNControls/Graphics/flatDark06.png using Guid(b29ef1894836dc440b43ab036ca764cb) Importer(815301076,1909f56bfc062723c751e8b465ee728b)  -> (artifact id: 'b65a4380660ca671f0bf3aa0e79b0f55') in 0.010848 seconds 
  Import took 0.012880 seconds .

========================================================================
Received Import Request.
  Time since last request: 0.000205 seconds.
  path: Assets/Fonts/negotiate free.ttf
  artifactKey: Guid(2e62831f65b782a49b69a331c4422b39) Importer(815301076,1909f56bfc062723c751e8b465ee728b)
Start importing Assets/Fonts/negotiate free.ttf using Guid(2e62831f65b782a49b69a331c4422b39) Importer(815301076,1909f56bfc062723c751e8b465ee728b)  -> (artifact id: '5b0327a3b0788751618049797b4863a9') in 0.013580 seconds 
  Import took 0.015581 seconds .

========================================================================
Received Import Request.
  Time since last request: 0.000497 seconds.
  path: Assets/Standard Assets/CNControls/Examples/Scenes/2D/Ground/colored_grass.png
  artifactKey: Guid(664008e3f37538b43bcf3c85cb63eb25) Importer(815301076,1909f56bfc062723c751e8b465ee728b)
Start importing Assets/Standard Assets/CNControls/Examples/Scenes/2D/Ground/colored_grass.png using Guid(664008e3f37538b43bcf3c85cb63eb25) Importer(815301076,1909f56bfc062723c751e8b465ee728b)  -> (artifact id: '918bbad24ba241f02851b60639447282') in 0.020838 seconds 
  Import took 0.022679 seconds .

========================================================================
Received Import Request.
  Time since last request: 0.000216 seconds.
  path: Assets/Standard Assets/CNControls/Graphics/flatLight05.png
  artifactKey: Guid(8c5266785fc2e8f4a8b291b47e2cda1a) Importer(815301076,1909f56bfc062723c751e8b465ee728b)
Start importing Assets/Standard Assets/CNControls/Graphics/flatLight05.png using Guid(8c5266785fc2e8f4a8b291b47e2cda1a) Importer(815301076,1909f56bfc062723c751e8b465ee728b)  -> (artifact id: '4bb86d46312a8003cfbd6a648fca933f') in 0.011123 seconds 
  Import took 0.012935 seconds .

========================================================================
Received Import Request.
  Time since last request: 0.000167 seconds.
  path: Assets/Standard Assets/CrossPlatformInput/Sprites/SliderHandleSprite.png
  artifactKey: Guid(0626b924325d1c34cafa6b22297f4e4f) Importer(815301076,1909f56bfc062723c751e8b465ee728b)
Start importing Assets/Standard Assets/CrossPlatformInput/Sprites/SliderHandleSprite.png using Guid(0626b924325d1c34cafa6b22297f4e4f) Importer(815301076,1909f56bfc062723c751e8b465ee728b)  -> (artifact id: '066a06c670e6aa680961423f4f9d2990') in 0.009626 seconds 
  Import took 0.011360 seconds .

========================================================================
Received Import Request.
  Time since last request: 0.000216 seconds.
  path: Assets/GUI/splash.png
  artifactKey: Guid(c282303a8fa104d4d991abbc30df656a) Importer(815301076,1909f56bfc062723c751e8b465ee728b)
Start importing Assets/GUI/splash.png using Guid(c282303a8fa104d4d991abbc30df656a) Importer(815301076,1909f56bfc062723c751e8b465ee728b)  -> (artifact id: '4072a2f9908cca47e2b86ab78dd23cb9') in 0.008813 seconds 
  Import took 0.010345 seconds .

========================================================================
Received Import Request.
  Time since last request: 0.000228 seconds.
  path: Assets/GUI/Base.png
  artifactKey: Guid(4e17e457b6d646948a18355fcc5409c7) Importer(815301076,1909f56bfc062723c751e8b465ee728b)
Start importing Assets/GUI/Base.png using Guid(4e17e457b6d646948a18355fcc5409c7) Importer(815301076,1909f56bfc062723c751e8b465ee728b)  -> (artifact id: '7948a5c8d50ebfc633ec7250ec5c53ab') in 0.010961 seconds 
  Import took 0.012780 seconds .

========================================================================
Received Import Request.
  Time since last request: 0.000214 seconds.
  path: Assets/Standard Assets/Fonts/OpenSans/OpenSansBold.ttf
  artifactKey: Guid(87c316b602156405d92e616621658222) Importer(815301076,1909f56bfc062723c751e8b465ee728b)
Start importing Assets/Standard Assets/Fonts/OpenSans/OpenSansBold.ttf using Guid(87c316b602156405d92e616621658222) Importer(815301076,1909f56bfc062723c751e8b465ee728b)  -> (artifact id: 'd57a5c9d82fec1cbbdc8979bac83dc66') in 0.011871 seconds 
  Import took 0.013689 seconds .

========================================================================
Received Import Request.
  Time since last request: 0.000167 seconds.
  path: Assets/Standard Assets/CrossPlatformInput/Sprites/ButtonTimescaleSlowUpSprite.png
  artifactKey: Guid(9d7c6e4896067aa4fa512a00f692ac1c) Importer(815301076,1909f56bfc062723c751e8b465ee728b)
Start importing Assets/Standard Assets/CrossPlatformInput/Sprites/ButtonTimescaleSlowUpSprite.png using Guid(9d7c6e4896067aa4fa512a00f692ac1c) Importer(815301076,1909f56bfc062723c751e8b465ee728b)  -> (artifact id: 'ca8d50ddd351904c9bd5a94001ccf3b9') in 0.011598 seconds 
  Import took 0.013350 seconds .

========================================================================
Received Import Request.
  Time since last request: 0.000168 seconds.
  path: Assets/Standard Assets/CNControls/Graphics/flatLight49.png
  artifactKey: Guid(56bb3ea0d75a41248b88961a278b9599) Importer(815301076,1909f56bfc062723c751e8b465ee728b)
Start importing Assets/Standard Assets/CNControls/Graphics/flatLight49.png using Guid(56bb3ea0d75a41248b88961a278b9599) Importer(815301076,1909f56bfc062723c751e8b465ee728b)  -> (artifact id: '640513d585794b551d9ae71e0d186ed3') in 0.011873 seconds 
  Import took 0.013862 seconds .

========================================================================
Received Import Request.
  Time since last request: 0.000190 seconds.
  path: Assets/Standard Assets/CrossPlatformInput/Sprites/ButtonArrowOverSprite.png
  artifactKey: Guid(49b611e658efbf443b686a4036f74fe3) Importer(815301076,1909f56bfc062723c751e8b465ee728b)
Start importing Assets/Standard Assets/CrossPlatformInput/Sprites/ButtonArrowOverSprite.png using Guid(49b611e658efbf443b686a4036f74fe3) Importer(815301076,1909f56bfc062723c751e8b465ee728b)  -> (artifact id: 'a15e49c2fab92b1020932f889e30ba2a') in 0.013159 seconds 
  Import took 0.015288 seconds .

========================================================================
Received Import Request.
  Time since last request: 0.000165 seconds.
  path: Assets/Standard Assets/CNControls/Examples/Scenes/2D/Character Graphics/alienGreen_jump.png
  artifactKey: Guid(59b0db6244e9f0e4cbb75d49b2a65bbe) Importer(815301076,1909f56bfc062723c751e8b465ee728b)
Start importing Assets/Standard Assets/CNControls/Examples/Scenes/2D/Character Graphics/alienGreen_jump.png using Guid(59b0db6244e9f0e4cbb75d49b2a65bbe) Importer(815301076,1909f56bfc062723c751e8b465ee728b)  -> (artifact id: '71768db52fe65f903b5ce481b84b6a52') in 0.011173 seconds 
  Import took 0.013032 seconds .

========================================================================
Received Import Request.
  Time since last request: 0.000175 seconds.
  path: Assets/Standard Assets/CNControls/Examples/Scenes/2D/Ground/grassHalf_mid.png
  artifactKey: Guid(9cdcdb98dee6b4b40a82d7e9cff8fa8b) Importer(815301076,1909f56bfc062723c751e8b465ee728b)
Start importing Assets/Standard Assets/CNControls/Examples/Scenes/2D/Ground/grassHalf_mid.png using Guid(9cdcdb98dee6b4b40a82d7e9cff8fa8b) Importer(815301076,1909f56bfc062723c751e8b465ee728b)  -> (artifact id: '1cc591605da38ee82038b390cb2fc4ac') in 0.009920 seconds 
  Import took 0.011837 seconds .

========================================================================
Received Import Request.
  Time since last request: 0.000161 seconds.
  path: Assets/GUI/stick.png
  artifactKey: Guid(2fd12a60d684da648bac95ebef999857) Importer(815301076,1909f56bfc062723c751e8b465ee728b)
Start importing Assets/GUI/stick.png using Guid(2fd12a60d684da648bac95ebef999857) Importer(815301076,1909f56bfc062723c751e8b465ee728b)  -> (artifact id: '2af0a77c4beb53784b994f10374d3109') in 0.010633 seconds 
  Import took 0.012621 seconds .

========================================================================
Received Import Request.
  Time since last request: 0.000152 seconds.
  path: Assets/Standard Assets/CrossPlatformInput/Sprites/SliderBackgroundSprite.png
  artifactKey: Guid(ea5873cfd9158664f89459f0c9e1d853) Importer(815301076,1909f56bfc062723c751e8b465ee728b)
Start importing Assets/Standard Assets/CrossPlatformInput/Sprites/SliderBackgroundSprite.png using Guid(ea5873cfd9158664f89459f0c9e1d853) Importer(815301076,1909f56bfc062723c751e8b465ee728b)  -> (artifact id: '1830a9539729c7f8877a08e2677ceb69') in 0.010126 seconds 
  Import took 0.011982 seconds .

========================================================================
Received Import Request.
  Time since last request: 0.000166 seconds.
  path: Assets/GUI/RateUs.png
  artifactKey: Guid(8f4c55e237cb04e45b75775a5bedbd63) Importer(815301076,1909f56bfc062723c751e8b465ee728b)
Start importing Assets/GUI/RateUs.png using Guid(8f4c55e237cb04e45b75775a5bedbd63) Importer(815301076,1909f56bfc062723c751e8b465ee728b)  -> (artifact id: 'b61216247490576da7259aaf276a3289') in 0.007109 seconds 
  Import took 0.008645 seconds .

========================================================================
Received Import Request.
  Time since last request: 0.000152 seconds.
  path: Assets/GUI/SimpleCumulus_Gradient_10/Textures/Back.2048x2048.png
  artifactKey: Guid(15dd058218d5bfe4081204fc90801942) Importer(815301076,1909f56bfc062723c751e8b465ee728b)
Start importing Assets/GUI/SimpleCumulus_Gradient_10/Textures/Back.2048x2048.png using Guid(15dd058218d5bfe4081204fc90801942) Importer(815301076,1909f56bfc062723c751e8b465ee728b)  -> (artifact id: '47216a138531683337a128bf6ad04352') in 0.008984 seconds 
  Import took 0.011087 seconds .

========================================================================
Received Import Request.
  Time since last request: 0.000153 seconds.
  path: Assets/Standard Assets/CrossPlatformInput/Sprites/ButtonThumbstickUpSprite.png
  artifactKey: Guid(9866a92691696b346901281f2b329034) Importer(815301076,1909f56bfc062723c751e8b465ee728b)
Start importing Assets/Standard Assets/CrossPlatformInput/Sprites/ButtonThumbstickUpSprite.png using Guid(9866a92691696b346901281f2b329034) Importer(815301076,1909f56bfc062723c751e8b465ee728b)  -> (artifact id: '0722d2b91827fd7be55fe1b961bcf686') in 0.010678 seconds 
  Import took 0.012680 seconds .

========================================================================
Received Import Request.
  Time since last request: 0.000177 seconds.
  path: Assets/Standard Assets/CrossPlatformInput/Sprites/ButtonResetSprite.png
  artifactKey: Guid(a94c9a7eb94ceec4a8d67a1890e22e51) Importer(815301076,1909f56bfc062723c751e8b465ee728b)
Start importing Assets/Standard Assets/CrossPlatformInput/Sprites/ButtonResetSprite.png using Guid(a94c9a7eb94ceec4a8d67a1890e22e51) Importer(815301076,1909f56bfc062723c751e8b465ee728b)  -> (artifact id: 'a3675d619a7c2048e115ce8f6ec18f45') in 0.011535 seconds 
  Import took 0.013285 seconds .

========================================================================
Received Import Request.
  Time since last request: 0.000163 seconds.
  path: Assets/Standard Assets/CrossPlatformInput/Sprites/ButtonCameraCycleUpSprite.png
  artifactKey: Guid(a3983c59ebf804b4abba687bd7c9e92f) Importer(815301076,1909f56bfc062723c751e8b465ee728b)
Start importing Assets/Standard Assets/CrossPlatformInput/Sprites/ButtonCameraCycleUpSprite.png using Guid(a3983c59ebf804b4abba687bd7c9e92f) Importer(815301076,1909f56bfc062723c751e8b465ee728b)  -> (artifact id: '84a4d0a42ce3a494d7af8e8f616cfe16') in 0.010101 seconds 
  Import took 0.011951 seconds .

========================================================================
Received Import Request.
  Time since last request: 0.000177 seconds.
  path: Assets/Standard Assets/CNControls/Examples/Scenes/2D/Character Graphics/alienGreen_walk2.png
  artifactKey: Guid(93f12b17172571b4cafd7fbea9093de5) Importer(815301076,1909f56bfc062723c751e8b465ee728b)
Start importing Assets/Standard Assets/CNControls/Examples/Scenes/2D/Character Graphics/alienGreen_walk2.png using Guid(93f12b17172571b4cafd7fbea9093de5) Importer(815301076,1909f56bfc062723c751e8b465ee728b)  -> (artifact id: '8adcef410e060fef81dd4d2238f21535') in 0.009795 seconds 
  Import took 0.011515 seconds .

========================================================================
Received Import Request.
  Time since last request: 0.000163 seconds.
  path: Assets/GUI/SimpleCumulus_Gradient_10/Textures/Up.2048x2048.png
  artifactKey: Guid(8191777527b3acf4e95b303f7f7cb5c3) Importer(815301076,1909f56bfc062723c751e8b465ee728b)
Start importing Assets/GUI/SimpleCumulus_Gradient_10/Textures/Up.2048x2048.png using Guid(8191777527b3acf4e95b303f7f7cb5c3) Importer(815301076,1909f56bfc062723c751e8b465ee728b)  -> (artifact id: '48e543fff65366a672195016cae1fc86') in 0.008102 seconds 
  Import took 0.009912 seconds .

========================================================================
Received Import Request.
  Time since last request: 0.000184 seconds.
  path: Assets/GUI/Icon.png
  artifactKey: Guid(b7fa4a0b9a0a09842ab562b78c8afe6f) Importer(815301076,1909f56bfc062723c751e8b465ee728b)
Start importing Assets/GUI/Icon.png using Guid(b7fa4a0b9a0a09842ab562b78c8afe6f) Importer(815301076,1909f56bfc062723c751e8b465ee728b)  -> (artifact id: 'a17b892a7f49d069ee1be979187ea96f') in 0.013839 seconds 
  Import took 0.015739 seconds .

========================================================================
Received Import Request.
  Time since last request: 0.000173 seconds.
  path: Assets/Standard Assets/CrossPlatformInput/Sprites/ButtonAcceleratorUpSprite.png
  artifactKey: Guid(f588d850485d0ae479d73cf3bd0b7b00) Importer(815301076,1909f56bfc062723c751e8b465ee728b)
Start importing Assets/Standard Assets/CrossPlatformInput/Sprites/ButtonAcceleratorUpSprite.png using Guid(f588d850485d0ae479d73cf3bd0b7b00) Importer(815301076,1909f56bfc062723c751e8b465ee728b)  -> (artifact id: 'a16b8cd2b99c9fa7d93f0064993cccb4') in 0.011603 seconds 
  Import took 0.013424 seconds .

========================================================================
Received Prepare
Refreshing native plugins compatible for Editor in 7.42 ms, found 2 plugins.
Preloading 0 native plugins for Editor in 0.00 ms.
Unloading 26 Unused Serialized files (Serialized files now loaded: 0)
System memory in use before: 44.0 MB.
System memory in use after: 44.2 MB.

Unloading 26 unused Assets to reduce memory usage. Loaded Objects now: 2048.
Total: 3.216200 ms (FindLiveObjects: 0.182200 ms CreateObjectMapping: 0.040100 ms MarkObjects: 2.978900 ms  DeleteObjects: 0.014100 ms)

AssetImportParameters requested are different than current active one (requested -> active):
  custom:framework-win-MediaFoundation: 216162199b28c13a410421893ffa2e32 -> 
  custom:video-decoder-ogg-theora: a1e56fd34408186e4bbccfd4996cb3dc -> 
  custom:container-muxer-webm: aa71ff27fc2769a1b78a27578f13a17b -> 
  custom:container-demuxer-webm: 4f35f7cbe854078d1ac9338744f61a02 -> 
  custom:container-demuxer-ogg: 62fdf1f143b41e24485cea50d1cbac27 -> 
  custom:video-encoder-webm-vp8: eb34c28f22e8b96e1ab97ce403110664 -> 
  custom:video-codec-MediaFoundation-h265: 746d11721c4dcdbdad8f713fa42b33f4 -> 
  custom:video-decoder-webm-vp8: 9c59270c3fd7afecdb556c50c9e8de78 -> 
  custom:audio-decoder-ogg-vorbis: bf7c407c2cedff20999df2af8eb42d56 -> 
  custom:audio-encoder-webm-vorbis: bf7c407c2cedff20999df2af8eb42d56 -> 
========================================================================
Received Prepare
Refreshing native plugins compatible for Editor in 8.05 ms, found 2 plugins.
Preloading 0 native plugins for Editor in 0.00 ms.
Unloading 26 Unused Serialized files (Serialized files now loaded: 0)
System memory in use before: 44.0 MB.
System memory in use after: 44.2 MB.

Unloading 26 unused Assets to reduce memory usage. Loaded Objects now: 2048.
Total: 4.610300 ms (FindLiveObjects: 0.230000 ms CreateObjectMapping: 0.041800 ms MarkObjects: 4.317500 ms  DeleteObjects: 0.019900 ms)

AssetImportParameters requested are different than current active one (requested -> active):
  custom:framework-win-MediaFoundation: 216162199b28c13a410421893ffa2e32 -> 
  custom:video-decoder-ogg-theora: a1e56fd34408186e4bbccfd4996cb3dc -> 
  custom:container-muxer-webm: aa71ff27fc2769a1b78a27578f13a17b -> 
  custom:container-demuxer-webm: 4f35f7cbe854078d1ac9338744f61a02 -> 
  custom:container-demuxer-ogg: 62fdf1f143b41e24485cea50d1cbac27 -> 
  custom:video-encoder-webm-vp8: eb34c28f22e8b96e1ab97ce403110664 -> 
  custom:video-codec-MediaFoundation-h265: 746d11721c4dcdbdad8f713fa42b33f4 -> 
  custom:video-decoder-webm-vp8: 9c59270c3fd7afecdb556c50c9e8de78 -> 
  custom:audio-decoder-ogg-vorbis: bf7c407c2cedff20999df2af8eb42d56 -> 
  custom:audio-encoder-webm-vorbis: bf7c407c2cedff20999df2af8eb42d56 -> 
========================================================================
Received Prepare
Registering precompiled user dll's ...
Registered in 0.005090 seconds.
Begin MonoManager ReloadAssembly
Native extension for WindowsStandalone target not found
Refreshing native plugins compatible for Editor in 0.45 ms, found 2 plugins.
Preloading 0 native plugins for Editor in 0.00 ms.
Mono: successfully reloaded assembly
- Completed reload, in  0.902 seconds
Domain Reload Profiling:
	ReloadAssembly (903ms)
		BeginReloadAssembly (163ms)
			ExecutionOrderSort (0ms)
			DisableScriptedObjects (7ms)
			BackupInstance (0ms)
			ReleaseScriptingObjects (0ms)
			CreateAndSetChildDomain (69ms)
		EndReloadAssembly (678ms)
			LoadAssemblies (91ms)
			RebuildTransferFunctionScriptingTraits (0ms)
			SetupTypeCache (205ms)
			ReleaseScriptCaches (1ms)
			RebuildScriptCaches (29ms)
			SetupLoadedEditorAssemblies (291ms)
				LogAssemblyErrors (0ms)
				InitializePlatformSupportModulesInManaged (4ms)
				SetLoadedEditorAssemblies (0ms)
				RefreshPlugins (0ms)
				BeforeProcessingInitializeOnLoad (55ms)
				ProcessInitializeOnLoadAttributes (223ms)
				ProcessInitializeOnLoadMethodAttributes (3ms)
				AfterProcessingInitializeOnLoad (6ms)
				EditorAssembliesLoaded (0ms)
			ExecutionOrderSort2 (0ms)
			AwakeInstancesAfterBackupRestoration (5ms)
Platform modules already initialized, skipping
OnLevelWasLoaded was found on Fading
This message has been deprecated and will be removed in a later version of Unity.
Add a delegate to SceneManager.sceneLoaded instead to get notifications after scene loading has completed

Switching build target platform(19) subTarget(0) extendedPlatform(0) -> platform(13) subTarget(589824) extendedPlatform(0)
Refreshing native plugins compatible for Editor in 0.51 ms, found 2 plugins.
Preloading 0 native plugins for Editor in 0.00 ms.
Unloading 1561 Unused Serialized files (Serialized files now loaded: 0)
System memory in use before: 73.8 MB.
System memory in use after: 73.9 MB.

Unloading 28 unused Assets to reduce memory usage. Loaded Objects now: 2050.
Total: 2.449600 ms (FindLiveObjects: 0.177100 ms CreateObjectMapping: 0.057400 ms MarkObjects: 2.199100 ms  DeleteObjects: 0.015200 ms)

AssetImportParameters requested are different than current active one (requested -> active):
  custom:framework-win-MediaFoundation: 216162199b28c13a410421893ffa2e32 -> 
  custom:video-decoder-ogg-theora: a1e56fd34408186e4bbccfd4996cb3dc -> 
  custom:container-muxer-webm: aa71ff27fc2769a1b78a27578f13a17b -> 
  custom:container-demuxer-webm: 4f35f7cbe854078d1ac9338744f61a02 -> 
  custom:container-demuxer-ogg: 62fdf1f143b41e24485cea50d1cbac27 -> 
  custom:video-encoder-webm-vp8: eb34c28f22e8b96e1ab97ce403110664 -> 
  custom:video-codec-MediaFoundation-h265: 746d11721c4dcdbdad8f713fa42b33f4 -> 
  custom:video-decoder-webm-vp8: 9c59270c3fd7afecdb556c50c9e8de78 -> 
  custom:graphics/normal-map-encoding: 01000000000000000000000000000000 -> 02000000000000000000000000000000
  custom:audio-decoder-ogg-vorbis: bf7c407c2cedff20999df2af8eb42d56 -> 
  custom:audio-encoder-webm-vorbis: bf7c407c2cedff20999df2af8eb42d56 -> 
========================================================================
Received Prepare
Refreshing native plugins compatible for Editor in 7.64 ms, found 2 plugins.
Preloading 0 native plugins for Editor in 0.00 ms.
Unloading 26 Unused Serialized files (Serialized files now loaded: 0)
System memory in use before: 43.6 MB.
System memory in use after: 43.8 MB.

Unloading 26 unused Assets to reduce memory usage. Loaded Objects now: 2050.
Total: 2.691800 ms (FindLiveObjects: 0.180000 ms CreateObjectMapping: 0.030300 ms MarkObjects: 2.403000 ms  DeleteObjects: 0.077900 ms)

AssetImportParameters requested are different than current active one (requested -> active):
  custom:framework-win-MediaFoundation: 216162199b28c13a410421893ffa2e32 -> 
  custom:video-decoder-ogg-theora: a1e56fd34408186e4bbccfd4996cb3dc -> 
  custom:container-muxer-webm: aa71ff27fc2769a1b78a27578f13a17b -> 
  custom:container-demuxer-webm: 4f35f7cbe854078d1ac9338744f61a02 -> 
  custom:container-demuxer-ogg: 62fdf1f143b41e24485cea50d1cbac27 -> 
  custom:video-encoder-webm-vp8: eb34c28f22e8b96e1ab97ce403110664 -> 
  custom:video-codec-MediaFoundation-h265: 746d11721c4dcdbdad8f713fa42b33f4 -> 
  custom:video-decoder-webm-vp8: 9c59270c3fd7afecdb556c50c9e8de78 -> 
  custom:audio-decoder-ogg-vorbis: bf7c407c2cedff20999df2af8eb42d56 -> 
  custom:audio-encoder-webm-vorbis: bf7c407c2cedff20999df2af8eb42d56 -> 
AssetImportWorkerClient::OnTransportError - code=2 error=End of file
